<?xml version="1.0" encoding="UTF-8"?>
<testng-results ignored="0" total="1" passed="1" failed="0" skipped="0">
  <reporter-output>
  </reporter-output>
  <suite started-at="2026-02-08T19:06:54 IST" name="Default suite" finished-at="2026-02-08T19:07:05 IST" duration-ms="10860">
    <groups>
    </groups>
    <test started-at="2026-02-08T19:06:54 IST" name="Default test" finished-at="2026-02-08T19:07:05 IST" duration-ms="10860">
      <class name="lambda.Example.WebTableLambdaExample">
        <test-method signature="getTheWebTableValue()[pri:0, instance:lambda.Example.WebTableLambdaExample@20140db9]" started-at="2026-02-08T19:06:54 IST" name="getTheWebTableValue" finished-at="2026-02-08T19:07:05 IST" duration-ms="10842" status="PASS">
          <reporter-output>
          </reporter-output>
        </test-method> <!-- getTheWebTableValue -->
      </class> <!-- lambda.Example.WebTableLambdaExample -->
    </test> <!-- Default test -->
  </suite> <!-- Default suite -->
</testng-results>
