<?xml version="1.0" encoding="UTF-8"?>
<testng-results ignored="0" total="1" passed="1" failed="0" skipped="0">
  <reporter-output>
  </reporter-output>
  <suite started-at="2026-02-08T20:03:35 IST" name="Default suite" finished-at="2026-02-08T20:03:42 IST" duration-ms="6970">
    <groups>
    </groups>
    <test started-at="2026-02-08T20:03:35 IST" name="Default test" finished-at="2026-02-08T20:03:42 IST" duration-ms="6970">
      <class name="APICalls.UserAPITest">
        <test-method is-config="true" signature="setup()[pri:0, instance:APICalls.UserAPITest@1a942c18]" started-at="2026-02-08T20:03:35 IST" name="setup" finished-at="2026-02-08T20:03:36 IST" duration-ms="146" status="PASS">
          <reporter-output>
          </reporter-output>
        </test-method> <!-- setup -->
        <test-method is-config="true" signature="generateToken()[pri:0, instance:APICalls.UserAPITest@1a942c18]" started-at="2026-02-08T20:03:36 IST" name="generateToken" finished-at="2026-02-08T20:03:38 IST" duration-ms="2792" status="PASS">
          <reporter-output>
          </reporter-output>
        </test-method> <!-- generateToken -->
        <test-method signature="updateUserTest()[pri:0, instance:APICalls.UserAPITest@1a942c18]" started-at="2026-02-08T20:03:38 IST" name="updateUserTest" finished-at="2026-02-08T20:03:42 IST" duration-ms="4020" status="PASS">
          <reporter-output>
          </reporter-output>
        </test-method> <!-- updateUserTest -->
      </class> <!-- APICalls.UserAPITest -->
    </test> <!-- Default test -->
  </suite> <!-- Default suite -->
</testng-results>
