<?xml version="1.0" encoding="UTF-8"?>
<testng-results ignored="0" total="3" passed="2" failed="1" skipped="0">
  <reporter-output>
  </reporter-output>
  <suite started-at="2026-02-02T23:33:42 IST" name="Default suite" finished-at="2026-02-02T23:33:57 IST" duration-ms="14573">
    <groups>
    </groups>
    <test started-at="2026-02-02T23:33:42 IST" name="Default test" finished-at="2026-02-02T23:33:57 IST" duration-ms="14573">
      <class name="APICalls.UserAPITest">
        <test-method is-config="true" signature="setup()[pri:0, instance:APICalls.UserAPITest@1a942c18]" started-at="2026-02-02T23:33:42 IST" name="setup" finished-at="2026-02-02T23:33:42 IST" duration-ms="143" status="PASS">
          <reporter-output>
          </reporter-output>
        </test-method> <!-- setup -->
        <test-method is-config="true" signature="generateToken()[pri:0, instance:APICalls.UserAPITest@1a942c18]" started-at="2026-02-02T23:33:42 IST" name="generateToken" finished-at="2026-02-02T23:33:45 IST" duration-ms="2596" status="PASS">
          <reporter-output>
          </reporter-output>
        </test-method> <!-- generateToken -->
        <test-method signature="createUserTest()[pri:0, instance:APICalls.UserAPITest@1a942c18]" started-at="2026-02-02T23:33:45 IST" name="createUserTest" finished-at="2026-02-02T23:33:47 IST" duration-ms="1911" status="FAIL">
          <exception class="java.lang.AssertionError">
            <message>
              <![CDATA[expected object to not be null]]>
            </message>
            <full-stacktrace>
              <![CDATA[java.lang.AssertionError: expected object to not be null
at org.testng.Assert.fail(Assert.java:111)
at org.testng.Assert.assertNotNull(Assert.java:1496)
at org.testng.Assert.assertNotNull(Assert.java:1480)
at APICalls.UserAPITest.createUserTest(UserAPITest.java:78)
at java.base/jdk.internal.reflect.NativeMethodAccessorImpl.invoke0(Native Method)
at java.base/jdk.internal.reflect.NativeMethodAccessorImpl.invoke(NativeMethodAccessorImpl.java:77)
at java.base/jdk.internal.reflect.DelegatingMethodAccessorImpl.invoke(DelegatingMethodAccessorImpl.java:43)
at java.base/java.lang.reflect.Method.invoke(Method.java:568)
at org.testng.internal.invokers.MethodInvocationHelper.invokeMethod(MethodInvocationHelper.java:141)
at org.testng.internal.invokers.TestInvoker.invokeMethod(TestInvoker.java:687)
at org.testng.internal.invokers.TestInvoker.invokeTestMethod(TestInvoker.java:230)
at org.testng.internal.invokers.MethodRunner.runInSequence(MethodRunner.java:63)
at org.testng.internal.invokers.TestInvoker$MethodInvocationAgent.invoke(TestInvoker.java:995)
at org.testng.internal.invokers.TestInvoker.invokeTestMethods(TestInvoker.java:203)
at org.testng.internal.invokers.TestMethodWorker.invokeTestMethods(TestMethodWorker.java:154)
at org.testng.internal.invokers.TestMethodWorker.run(TestMethodWorker.java:134)
at java.base/java.util.ArrayList.forEach(ArrayList.java:1511)
at org.testng.TestRunner.privateRun(TestRunner.java:741)
at org.testng.TestRunner.run(TestRunner.java:616)
at org.testng.SuiteRunner.runTest(SuiteRunner.java:421)
at org.testng.SuiteRunner.runSequentially(SuiteRunner.java:413)
at org.testng.SuiteRunner.privateRun(SuiteRunner.java:373)
at org.testng.SuiteRunner.run(SuiteRunner.java:312)
at org.testng.SuiteRunnerWorker.runSuite(SuiteRunnerWorker.java:52)
at org.testng.SuiteRunnerWorker.run(SuiteRunnerWorker.java:95)
at org.testng.TestNG.runSuitesSequentially(TestNG.java:1274)
at org.testng.TestNG.runSuitesLocally(TestNG.java:1208)
at org.testng.TestNG.runSuites(TestNG.java:1112)
at org.testng.TestNG.run(TestNG.java:1079)
at org.testng.remote.AbstractRemoteTestNG.run(AbstractRemoteTestNG.java:115)
at org.testng.remote.RemoteTestNG.initAndRun(RemoteTestNG.java:293)
at org.testng.remote.RemoteTestNG.main(RemoteTestNG.java:91)
]]>
            </full-stacktrace>
          </exception> <!-- java.lang.AssertionError -->
          <reporter-output>
          </reporter-output>
        </test-method> <!-- createUserTest -->
        <test-method is-config="true" signature="generateToken()[pri:0, instance:APICalls.UserAPITest@1a942c18]" started-at="2026-02-02T23:33:47 IST" name="generateToken" finished-at="2026-02-02T23:33:49 IST" duration-ms="1878" status="PASS">
          <reporter-output>
          </reporter-output>
        </test-method> <!-- generateToken -->
        <test-method signature="getUserProfileTest()[pri:0, instance:APICalls.UserAPITest@1a942c18]" started-at="2026-02-02T23:33:49 IST" name="getUserProfileTest" finished-at="2026-02-02T23:33:51 IST" duration-ms="2113" status="PASS">
          <reporter-output>
          </reporter-output>
        </test-method> <!-- getUserProfileTest -->
        <test-method is-config="true" signature="generateToken()[pri:0, instance:APICalls.UserAPITest@1a942c18]" started-at="2026-02-02T23:33:51 IST" name="generateToken" finished-at="2026-02-02T23:33:53 IST" duration-ms="2053" status="PASS">
          <reporter-output>
          </reporter-output>
        </test-method> <!-- generateToken -->
        <test-method signature="updateUserTest()[pri:0, instance:APICalls.UserAPITest@1a942c18]" started-at="2026-02-02T23:33:53 IST" name="updateUserTest" finished-at="2026-02-02T23:33:57 IST" duration-ms="3856" status="PASS">
          <reporter-output>
          </reporter-output>
        </test-method> <!-- updateUserTest -->
      </class> <!-- APICalls.UserAPITest -->
    </test> <!-- Default test -->
  </suite> <!-- Default suite -->
</testng-results>
