<?xml version="1.0" encoding="UTF-8"?>
<testng-results ignored="0" total="1" passed="1" failed="0" skipped="0">
  <reporter-output>
  </reporter-output>
  <suite started-at="2025-12-04T21:24:08 IST" name="MyTestSuite" finished-at="2025-12-04T21:24:09 IST" duration-ms="21">
    <groups>
    </groups>
    <test started-at="2025-12-04T21:24:08 IST" name="Test1" finished-at="2025-12-04T21:24:09 IST" duration-ms="21">
      <class name="org.ranjit.SeleniumExamples.RunTheTestCase1">
        <test-method is-config="true" signature="setUp()[pri:0, instance:org.ranjit.SeleniumExamples.RunTheTestCase1@75d3a5e0]" started-at="2025-12-04T21:24:06 IST" name="setUp" finished-at="2025-12-04T21:24:08 IST" duration-ms="2357" status="PASS">
          <reporter-output>
          </reporter-output>
        </test-method> <!-- setUp -->
        <test-method signature="testCase1()[pri:0, instance:org.ranjit.SeleniumExamples.RunTheTestCase1@75d3a5e0]" started-at="2025-12-04T21:24:09 IST" name="testCase1" finished-at="2025-12-04T21:24:09 IST" duration-ms="3" status="PASS">
          <reporter-output>
          </reporter-output>
        </test-method> <!-- testCase1 -->
        <test-method is-config="true" signature="tearDown()[pri:0, instance:org.ranjit.SeleniumExamples.RunTheTestCase1@75d3a5e0]" started-at="2025-12-04T21:24:09 IST" name="tearDown" finished-at="2025-12-04T21:24:12 IST" duration-ms="3092" status="PASS">
          <reporter-output>
          </reporter-output>
        </test-method> <!-- tearDown -->
      </class> <!-- org.ranjit.SeleniumExamples.RunTheTestCase1 -->
    </test> <!-- Test1 -->
  </suite> <!-- MyTestSuite -->
</testng-results>
