<?xml version="1.0" encoding="UTF-8"?>
<!-- Generated by org.testng.reporters.JUnitReportReporter -->
<testsuite hostname="Ranjits-MacBook-Air.local" failures="0" tests="5" name="BookingAPITest.BookingAPITest" time="18.418" errors="0" timestamp="2025-12-29T22:09:12 IST" skipped="0">
  <testcase classname="BookingAPITest.BookingAPITest" name="getAllBookingTest" time="4.406"/>
  <testcase classname="BookingAPITest.BookingAPITest" name="updateBookingTest" time="4.056"/>
  <testcase classname="BookingAPITest.BookingAPITest" name="deleteBookingTest" time="3.985"/>
  <testcase classname="BookingAPITest.BookingAPITest" name="createBookingTest" time="2.011"/>
  <testcase classname="BookingAPITest.BookingAPITest" name="getBookingTest" time="3.960"/>
</testsuite> <!-- BookingAPITest.BookingAPITest -->
