<?xml version="1.0" encoding="UTF-8"?>
<!-- Generated by org.testng.reporters.JUnitReportReporter -->
<testsuite hostname="Ranjits-MacBook-Air.local" failures="0" tests="1" name="DELETECallWithBDD.CreateUserAndDeleteUserAndVerifyUserDeleted" time="4.582" errors="0" timestamp="2025-12-29T20:06:58 IST" skipped="0">
  <testcase classname="DELETECallWithBDD.CreateUserAndDeleteUserAndVerifyUserDeleted" name="createUserThenDeleteItTest" time="4.582"/>
</testsuite> <!-- DELETECallWithBDD.CreateUserAndDeleteUserAndVerifyUserDeleted -->
