<?xml version="1.0" encoding="UTF-8"?>
<!-- Generated by org.testng.reporters.JUnitReportReporter -->
<testsuite hostname="Ranjits-MacBook-Air.local" failures="0" tests="3" name="GETAPITestWithBDD.ContactsAPI" time="2.835" errors="0" timestamp="2025-12-25T17:17:55 IST" skipped="2">
  <testcase classname="GETAPITestWithBDD.ContactsAPI" name="negativeTestForContactsAPIAuthorizationValidatingBodyTest" time="2.835"/>
  <testcase classname="GETAPITestWithBDD.ContactsAPI" name="negativeTestForContactsAPIAuthorizationTest">
    <skipped/>
  </testcase> <!-- negativeTestForContactsAPIAuthorizationTest -->
  <testcase classname="GETAPITestWithBDD.ContactsAPI" name="getAllContactsAPITest">
    <skipped/>
  </testcase> <!-- getAllContactsAPITest -->
</testsuite> <!-- GETAPITestWithBDD.ContactsAPI -->
