<?xml version="1.0" encoding="UTF-8"?>
<!-- Generated by org.testng.reporters.JUnitReportReporter -->
<testsuite hostname="Ranjits-MacBook-Air.local" failures="0" tests="1" name="CreateContactUsingLombokPojo.createContactAfterLoginTest" time="4.151" errors="0" timestamp="2025-12-28T22:48:16 IST" skipped="0">
  <testcase classname="CreateContactUsingLombokPojo.createContactAfterLoginTest" name="createContactAfterLoginUsingPostRequestTest" time="4.151"/>
</testsuite> <!-- CreateContactUsingLombokPojo.createContactAfterLoginTest -->
