<?xml version="1.0" encoding="UTF-8"?>
<!-- Generated by org.testng.reporters.JUnitReportReporter -->
<testsuite hostname="Ranjits-MacBook-Air.local" failures="0" tests="1" name="CreateUserWithPOJOAndLombok.CreateUserWithLombokTest" time="2.819" errors="0" timestamp="2025-12-29T17:47:40 IST" skipped="0">
  <testcase classname="CreateUserWithPOJOAndLombok.CreateUserWithLombokTest" name="createUserWithLombokBuilderTest" time="2.819"/>
</testsuite> <!-- CreateUserWithPOJOAndLombok.CreateUserWithLombokTest -->
