<?xml version="1.0" encoding="UTF-8"?>
<!-- Generated by org.testng.reporters.JUnitReportReporter -->
<testsuite hostname="Ranjits-MacBook-Air.local" failures="0" tests="3" name="GETAPITestWithBDD.GoRestAPI" time="1.811" errors="0" timestamp="2025-12-25T20:01:03 IST" skipped="2">
  <testcase classname="GETAPITestWithBDD.GoRestAPI" name="getAllUsersValidatingDataTest" time="1.811"/>
  <testcase classname="GETAPITestWithBDD.GoRestAPI" name="getSingleUserValidateBodyTest">
    <skipped/>
  </testcase> <!-- getSingleUserValidateBodyTest -->
  <testcase classname="GETAPITestWithBDD.GoRestAPI" name="getSingleUserTest">
    <skipped/>
  </testcase> <!-- getSingleUserTest -->
</testsuite> <!-- GETAPITestWithBDD.GoRestAPI -->
