<?xml version="1.0" encoding="UTF-8"?>
<!-- Generated by org.testng.reporters.JUnitReportReporter -->
<testsuite hostname="Ranjits-MacBook-Air.local" failures="0" tests="2" name="GETAPITestWithBDD.GetUserWithQueryParam" time="1.655" errors="0" timestamp="2025-12-25T21:06:56 IST" skipped="1">
  <testcase classname="GETAPITestWithBDD.GetUserWithQueryParam" name="getSingleUserUsingHashMapTest" time="1.655"/>
  <testcase classname="GETAPITestWithBDD.GetUserWithQueryParam" name="getSingleUserUsingNameAndStatusTest">
    <skipped/>
  </testcase> <!-- getSingleUserUsingNameAndStatusTest -->
</testsuite> <!-- GETAPITestWithBDD.GetUserWithQueryParam -->
