<?xml version="1.0" encoding="UTF-8"?>
<!-- Generated by org.testng.reporters.JUnitReportReporter -->
<testsuite hostname="Ranjits-MacBook-Air.local" failures="0" tests="2" name="GETAPITestWithBDD.ProductAPI" time="1.362" errors="0" timestamp="2025-12-25T22:02:21 IST" skipped="1">
  <testcase classname="GETAPITestWithBDD.ProductAPI" name="getAllProductsCountTest" time="1.362"/>
  <testcase classname="GETAPITestWithBDD.ProductAPI" name="getAllProductsTest">
    <skipped/>
  </testcase> <!-- getAllProductsTest -->
</testsuite> <!-- GETAPITestWithBDD.ProductAPI -->
