<?xml version="1.0" encoding="UTF-8"?>
<!-- Generated by org.testng.reporters.JUnitXMLReporter -->
<testsuite ignored="0" hostname="Ranjits-MacBook-Air.local" failures="0" tests="5" name="Default test" time="21.891" errors="0" timestamp="2025-12-29T22:09:12 IST">
  <testcase classname="BookingAPITest.BookingAPITest" name="createBookingTest" time="0.006"/>
  <testcase classname="BookingAPITest.BookingAPITest" name="deleteBookingTest" time="2.244"/>
  <testcase classname="BookingAPITest.BookingAPITest" name="getAllBookingTest" time="2.589"/>
  <testcase classname="BookingAPITest.BookingAPITest" name="getBookingTest" time="1.896"/>
  <testcase classname="BookingAPITest.BookingAPITest" name="updateBookingTest" time="2.018"/>
</testsuite> <!-- Default test -->
