<?xml version="1.0" encoding="UTF-8"?>
<!-- Generated by org.testng.reporters.JUnitXMLReporter -->
<testsuite ignored="1" hostname="Ranjits-MacBook-Air.local" failures="0" tests="1" name="Default test" time="1.376" errors="0" timestamp="2025-12-25T22:02:21 IST">
  <testcase classname="GETAPITestWithBDD.ProductAPI" name="getAllProductsCountTest" time="1.223"/>
  <testcase classname="GETAPITestWithBDD.ProductAPI" name="getAllProductsTest" time="0.0">
    <ignored/>
  </testcase> <!-- getAllProductsTest -->
</testsuite> <!-- Default test -->
